<?xml version="1.0" encoding="UTF-8"?>
<!-- Generated by org.testng.reporters.JUnitReportReporter -->
<testsuite skipped="5" hostname="LAPTOP-K3D24C07" name="com.spiceJet.SpiceJetUsingTestng" tests="5" failures="0" timestamp="2022-06-04T10:27:19 IST" time="0.000" errors="0">
  <testcase name="launchapp" time="0.000" classname="com.spiceJet.SpiceJetUsingTestng">
    <skipped/>
  </testcase> <!-- launchapp -->
  <system-out/>
  <testcase name="sourceLocation" time="0.000" classname="com.spiceJet.SpiceJetUsingTestng">
    <skipped/>
  </testcase> <!-- sourceLocation -->
  <system-out/>
  <testcase name="destnation" time="0.000" classname="com.spiceJet.SpiceJetUsingTestng">
    <skipped/>
  </testcase> <!-- destnation -->
  <system-out/>
  <testcase name="dateOfJurney" time="0.000" classname="com.spiceJet.SpiceJetUsingTestng">
    <skipped/>
  </testcase> <!-- dateOfJurney -->
  <system-out/>
  <testcase name="passengerType" time="0.000" classname="com.spiceJet.SpiceJetUsingTestng">
    <skipped/>
  </testcase> <!-- passengerType -->
  <system-out/>
</testsuite> <!-- com.spiceJet.SpiceJetUsingTestng -->
