<?xml version="1.0" encoding="UTF-8"?>
<!-- Generated by org.testng.reporters.JUnitReportReporter -->
<testsuite skipped="0" hostname="LAPTOP-K3D24C07" name="com.flipkart.testng.TC_LoginTest_001" tests="1" failures="0" timestamp="2022-06-06T08:37:30 IST" time="3.554" errors="0">
  <testcase name="login" time="3.554" classname="com.flipkart.testng.TC_LoginTest_001"/>
  <system-out/>
</testsuite> <!-- com.flipkart.testng.TC_LoginTest_001 -->
